Determining if the pthread_create exist failed with the following output:
Change Dir: /usr/local/google/home/paezmartinez/prototypes/c++/Concorde/CMakeFiles/CMakeTmp

Run Build Command:"/usr/bin/make" "cmTC_6881d/fast"
/usr/bin/make -f CMakeFiles/cmTC_6881d.dir/build.make CMakeFiles/cmTC_6881d.dir/build
make[1]: Entering directory '/usr/local/google/home/paezmartinez/prototypes/c++/Concorde/CMakeFiles/CMakeTmp'
Building C object CMakeFiles/cmTC_6881d.dir/CheckSymbolExists.c.o
/usr/bin/cc    -o CMakeFiles/cmTC_6881d.dir/CheckSymbolExists.c.o   -c /usr/local/google/home/paezmartinez/prototypes/c++/Concorde/CMakeFiles/CMakeTmp/CheckSymbolExists.c
Linking C executable cmTC_6881d
/usr/bin/cmake -E cmake_link_script CMakeFiles/cmTC_6881d.dir/link.txt --verbose=1
/usr/bin/cc      -rdynamic CMakeFiles/cmTC_6881d.dir/CheckSymbolExists.c.o  -o cmTC_6881d 
CMakeFiles/cmTC_6881d.dir/CheckSymbolExists.c.o: In function `main':
CheckSymbolExists.c:(.text+0x1b): undefined reference to `pthread_create'
collect2: error: ld returned 1 exit status
CMakeFiles/cmTC_6881d.dir/build.make:86: recipe for target 'cmTC_6881d' failed
make[1]: *** [cmTC_6881d] Error 1
make[1]: Leaving directory '/usr/local/google/home/paezmartinez/prototypes/c++/Concorde/CMakeFiles/CMakeTmp'
Makefile:121: recipe for target 'cmTC_6881d/fast' failed
make: *** [cmTC_6881d/fast] Error 2

File /usr/local/google/home/paezmartinez/prototypes/c++/Concorde/CMakeFiles/CMakeTmp/CheckSymbolExists.c:
/* */
#include <pthread.h>

int main(int argc, char** argv)
{
  (void)argv;
#ifndef pthread_create
  return ((int*)(&pthread_create))[argc];
#else
  (void)argc;
  return 0;
#endif
}

Determining if the function pthread_create exists in the pthreads failed with the following output:
Change Dir: /usr/local/google/home/paezmartinez/prototypes/c++/Concorde/CMakeFiles/CMakeTmp

Run Build Command:"/usr/bin/make" "cmTC_34365/fast"
/usr/bin/make -f CMakeFiles/cmTC_34365.dir/build.make CMakeFiles/cmTC_34365.dir/build
make[1]: Entering directory '/usr/local/google/home/paezmartinez/prototypes/c++/Concorde/CMakeFiles/CMakeTmp'
Building C object CMakeFiles/cmTC_34365.dir/CheckFunctionExists.c.o
/usr/bin/cc   -DCHECK_FUNCTION_EXISTS=pthread_create   -o CMakeFiles/cmTC_34365.dir/CheckFunctionExists.c.o   -c /usr/share/cmake-3.12/Modules/CheckFunctionExists.c
Linking C executable cmTC_34365
/usr/bin/cmake -E cmake_link_script CMakeFiles/cmTC_34365.dir/link.txt --verbose=1
/usr/bin/cc  -DCHECK_FUNCTION_EXISTS=pthread_create    -rdynamic CMakeFiles/cmTC_34365.dir/CheckFunctionExists.c.o  -o cmTC_34365 -lpthreads 
/usr/bin/ld: cannot find -lpthreads
collect2: error: ld returned 1 exit status
CMakeFiles/cmTC_34365.dir/build.make:86: recipe for target 'cmTC_34365' failed
make[1]: *** [cmTC_34365] Error 1
make[1]: Leaving directory '/usr/local/google/home/paezmartinez/prototypes/c++/Concorde/CMakeFiles/CMakeTmp'
Makefile:121: recipe for target 'cmTC_34365/fast' failed
make: *** [cmTC_34365/fast] Error 2


